{
  "stats": {
    "suites": 1,
    "tests": 1,
    "passes": 1,
    "pending": 0,
    "failures": 0,
    "start": "2024-02-25T11:57:56.574Z",
    "end": "2024-02-25T11:58:04.283Z",
    "duration": 7709,
    "testsRegistered": 1,
    "passPercent": 100,
    "pendingPercent": 0,
    "other": 0,
    "hasOther": false,
    "skipped": 0,
    "hasSkipped": false
  },
  "results": [
    {
      "uuid": "f80355ae-7c41-4367-b6c5-d0452e5716f7",
      "title": "",
      "fullFile": "cypress\\e2e\\transferTest.cy.js",
      "file": "cypress\\e2e\\transferTest.cy.js",
      "beforeHooks": [],
      "afterHooks": [],
      "tests": [],
      "suites": [
        {
          "uuid": "8c856660-666b-49db-ae06-3dbbe7de27e2",
          "title": "Inicio de sesión",
          "fullFile": "",
          "file": "",
          "beforeHooks": [],
          "afterHooks": [],
          "tests": [
            {
              "title": "Debería iniciar sesión con credenciales válidas",
              "fullTitle": "Inicio de sesión Debería iniciar sesión con credenciales válidas",
              "timedOut": null,
              "duration": 5888,
              "state": "passed",
              "speed": "medium",
              "pass": true,
              "fail": false,
              "pending": false,
              "context": null,
              "code": "cy.visit('http://zero.webappsecurity.com/');\ncy.get('#signin_button').click(); // Click en el botón de inicio de sesión\ncy.get('#user_login').type('username');\ncy.get('#user_password').type('password');\ncy.get('.btn').click();\ncy.get('#transfer_funds_tab > a').click(); // Click en pestaña Transferencia\ncy.get('#tf_fromAccountId').select('1'); // Selector cuenta Origen\ncy.get('#tf_toAccountId').select('5'); // Selector cuenta Destino\ncy.get('#tf_amount').type('300'); // Ingresar monto\ncy.get('#tf_description').type('Transferencia de prueba'); // Ingresar descripción\ncy.get('#btn_submit').click(); // Click en botón Transferir\ncy.get('#btn_submit').click(); // Click para Confirmar\ncy.get('.alert').contains('You successfully submitted your transaction.'); // Validar mensaje de confirmación",
              "err": {},
              "uuid": "aa8e5d83-d869-40dc-ba60-ad2955281f89",
              "parentUUID": "8c856660-666b-49db-ae06-3dbbe7de27e2",
              "isHook": false,
              "skipped": false
            }
          ],
          "suites": [],
          "passes": [
            "aa8e5d83-d869-40dc-ba60-ad2955281f89"
          ],
          "failures": [],
          "pending": [],
          "skipped": [],
          "duration": 5888,
          "root": false,
          "rootEmpty": false,
          "_timeout": 2000
        }
      ],
      "passes": [],
      "failures": [],
      "pending": [],
      "skipped": [],
      "duration": 0,
      "root": true,
      "rootEmpty": true,
      "_timeout": 2000
    }
  ],
  "meta": {
    "mocha": {
      "version": "7.0.1"
    },
    "mochawesome": {
      "options": {
        "quiet": false,
        "reportFilename": "mochawesome",
        "saveHtml": false,
        "saveJson": true,
        "consoleReporter": "spec",
        "useInlineDiffs": false,
        "code": true
      },
      "version": "7.1.3"
    },
    "marge": {
      "options": {
        "reportDir": "cypress/reports/mochawesome",
        "overwrite": false,
        "html": false,
        "json": true
      },
      "version": "6.2.0"
    }
  }
}