{
  "stats": {
    "suites": 1,
    "tests": 1,
    "passes": 1,
    "pending": 0,
    "failures": 0,
    "start": "2024-02-25T11:57:48.751Z",
    "end": "2024-02-25T11:57:54.706Z",
    "duration": 5955,
    "testsRegistered": 1,
    "passPercent": 100,
    "pendingPercent": 0,
    "other": 0,
    "hasOther": false,
    "skipped": 0,
    "hasSkipped": false
  },
  "results": [
    {
      "uuid": "2fd76d60-3eaa-4671-8f4b-9b0c51a4a17a",
      "title": "",
      "fullFile": "cypress\\e2e\\loginSpec.cy.js",
      "file": "cypress\\e2e\\loginSpec.cy.js",
      "beforeHooks": [],
      "afterHooks": [],
      "tests": [],
      "suites": [
        {
          "uuid": "0588486f-dfcb-4d7c-ad2b-cc0b17136357",
          "title": "Inicio de sesión",
          "fullFile": "",
          "file": "",
          "beforeHooks": [],
          "afterHooks": [],
          "tests": [
            {
              "title": "Debería iniciar sesión con credenciales válidas",
              "fullTitle": "Inicio de sesión Debería iniciar sesión con credenciales válidas",
              "timedOut": null,
              "duration": 4176,
              "state": "passed",
              "speed": "fast",
              "pass": true,
              "fail": false,
              "pending": false,
              "context": null,
              "code": "cy.visit('http://zero.webappsecurity.com/');\ncy.get('#signin_button').click(); // Hacer clic en el botón de inicio de sesión\ncy.get('#user_login').type('username');\ncy.get('#user_password').type('password');\ncy.get('.btn').click();\n// Agregar aserciones adicionales después del inicio de sesión",
              "err": {},
              "uuid": "1e34f758-639d-45d5-be70-f9959090754d",
              "parentUUID": "0588486f-dfcb-4d7c-ad2b-cc0b17136357",
              "isHook": false,
              "skipped": false
            }
          ],
          "suites": [],
          "passes": [
            "1e34f758-639d-45d5-be70-f9959090754d"
          ],
          "failures": [],
          "pending": [],
          "skipped": [],
          "duration": 4176,
          "root": false,
          "rootEmpty": false,
          "_timeout": 2000
        }
      ],
      "passes": [],
      "failures": [],
      "pending": [],
      "skipped": [],
      "duration": 0,
      "root": true,
      "rootEmpty": true,
      "_timeout": 2000
    }
  ],
  "meta": {
    "mocha": {
      "version": "7.0.1"
    },
    "mochawesome": {
      "options": {
        "quiet": false,
        "reportFilename": "mochawesome",
        "saveHtml": false,
        "saveJson": true,
        "consoleReporter": "spec",
        "useInlineDiffs": false,
        "code": true
      },
      "version": "7.1.3"
    },
    "marge": {
      "options": {
        "reportDir": "cypress/reports/mochawesome",
        "overwrite": false,
        "html": false,
        "json": true
      },
      "version": "6.2.0"
    }
  }
}