{
  "stats": {
    "suites": 1,
    "tests": 1,
    "passes": 1,
    "pending": 0,
    "failures": 0,
    "start": "2024-02-25T11:57:42.195Z",
    "end": "2024-02-25T11:57:46.814Z",
    "duration": 4619,
    "testsRegistered": 1,
    "passPercent": 100,
    "pendingPercent": 0,
    "other": 0,
    "hasOther": false,
    "skipped": 0,
    "hasSkipped": false
  },
  "results": [
    {
      "uuid": "f2589326-94f4-4b0d-9b05-b037031cb0df",
      "title": "",
      "fullFile": "cypress\\e2e\\loadPageSpecs.cy.js",
      "file": "cypress\\e2e\\loadPageSpecs.cy.js",
      "beforeHooks": [],
      "afterHooks": [],
      "tests": [],
      "suites": [
        {
          "uuid": "b3f3529a-a676-4f38-a740-165717c14aba",
          "title": "Carga de la página",
          "fullFile": "",
          "file": "",
          "beforeHooks": [],
          "afterHooks": [],
          "tests": [
            {
              "title": "Validar página de inicio",
              "fullTitle": "Carga de la página Validar página de inicio",
              "timedOut": null,
              "duration": 1631,
              "state": "passed",
              "speed": "fast",
              "pass": true,
              "fail": false,
              "pending": false,
              "context": null,
              "code": "cy.visit('http://zero.webappsecurity.com/');\ncy.get('.active > img').should('be.visible');\ncy.get('.active > .custom > h4').contains('Online Banking');",
              "err": {},
              "uuid": "56ccfb32-28db-4709-8a6b-fb44c4dc03e8",
              "parentUUID": "b3f3529a-a676-4f38-a740-165717c14aba",
              "isHook": false,
              "skipped": false
            }
          ],
          "suites": [],
          "passes": [
            "56ccfb32-28db-4709-8a6b-fb44c4dc03e8"
          ],
          "failures": [],
          "pending": [],
          "skipped": [],
          "duration": 1631,
          "root": false,
          "rootEmpty": false,
          "_timeout": 2000
        }
      ],
      "passes": [],
      "failures": [],
      "pending": [],
      "skipped": [],
      "duration": 0,
      "root": true,
      "rootEmpty": true,
      "_timeout": 2000
    }
  ],
  "meta": {
    "mocha": {
      "version": "7.0.1"
    },
    "mochawesome": {
      "options": {
        "quiet": false,
        "reportFilename": "mochawesome",
        "saveHtml": false,
        "saveJson": true,
        "consoleReporter": "spec",
        "useInlineDiffs": false,
        "code": true
      },
      "version": "7.1.3"
    },
    "marge": {
      "options": {
        "reportDir": "cypress/reports/mochawesome",
        "overwrite": false,
        "html": false,
        "json": true
      },
      "version": "6.2.0"
    }
  }
}